Using pre-set license
Built from '2022.3/china_unity/release' branch; Version is '2022.3.17f1c1 (a01dafa986ec) revision 10493359'; Using compiler version '192829333'; Build Type 'Release'
OS: 'Windows 10  (10.0.19045) 64bit CoreCountrySpecific' Language: 'zh' Physical Memory: 15789 MB
BatchMode: 1, IsHumanControllingUs: 0, StartBugReporterOnCrash: 0, Is64bit: 1, IsPro: 1

COMMAND LINE ARGUMENTS:
G:\study\Unity\2022.3.17f1c1\Editor\Unity.exe
-adb2
-batchMode
-noUpm
-name
AssetImportWorker5
-projectPath
G:/study/gitHub/ACT-Game/ACT Game
-logFile
Logs/AssetImportWorker5.log
-srvPort
62769
Successfully changed project path to: G:/study/gitHub/ACT-Game/ACT Game
G:/study/gitHub/ACT-Game/ACT Game
[UnityMemory] Configuration Parameters - Can be set up in boot.config
    "memorysetup-bucket-allocator-granularity=16"
    "memorysetup-bucket-allocator-bucket-count=8"
    "memorysetup-bucket-allocator-block-size=33554432"
    "memorysetup-bucket-allocator-block-count=8"
    "memorysetup-main-allocator-block-size=16777216"
    "memorysetup-thread-allocator-block-size=16777216"
    "memorysetup-gfx-main-allocator-block-size=16777216"
    "memorysetup-gfx-thread-allocator-block-size=16777216"
    "memorysetup-cache-allocator-block-size=4194304"
    "memorysetup-typetree-allocator-block-size=2097152"
    "memorysetup-profiler-bucket-allocator-granularity=16"
    "memorysetup-profiler-bucket-allocator-bucket-count=8"
    "memorysetup-profiler-bucket-allocator-block-size=33554432"
    "memorysetup-profiler-bucket-allocator-block-count=8"
    "memorysetup-profiler-allocator-block-size=16777216"
    "memorysetup-profiler-editor-allocator-block-size=1048576"
    "memorysetup-temp-allocator-size-main=16777216"
    "memorysetup-job-temp-allocator-block-size=2097152"
    "memorysetup-job-temp-allocator-block-size-background=1048576"
    "memorysetup-job-temp-allocator-reduction-small-platforms=262144"
    "memorysetup-allocator-temp-initial-block-size-main=262144"
    "memorysetup-allocator-temp-initial-block-size-worker=262144"
    "memorysetup-temp-allocator-size-background-worker=32768"
    "memorysetup-temp-allocator-size-job-worker=262144"
    "memorysetup-temp-allocator-size-preload-manager=33554432"
    "memorysetup-temp-allocator-size-nav-mesh-worker=65536"
    "memorysetup-temp-allocator-size-audio-worker=65536"
    "memorysetup-temp-allocator-size-cloud-worker=32768"
    "memorysetup-temp-allocator-size-gi-baking-worker=262144"
    "memorysetup-temp-allocator-size-gfx=262144"
Player connection [15612] Host "[IP] 26.114.114.101 [Port] 0 [Flags] 2 [Guid] 1232490805 [EditorId] 1232490805 [Version] 1048832 [Id] WindowsEditor(7,int) [Debug] 1 [PackageName] WindowsEditor [ProjectName] Editor" joined multi-casting on [225.0.0.222:54997]...

Player connection [15612] Host "[IP] 26.114.114.101 [Port] 0 [Flags] 2 [Guid] 1232490805 [EditorId] 1232490805 [Version] 1048832 [Id] WindowsEditor(7,int) [Debug] 1 [PackageName] WindowsEditor [ProjectName] Editor" joined alternative multi-casting on [225.0.0.222:34997]...

[Physics::Module] Initialized MultithreadedJobDispatcher with 15 workers.
Refreshing native plugins compatible for Editor in 28.99 ms, found 3 plugins.
Preloading 0 native plugins for Editor in 0.00 ms.
Initialize engine version: 2022.3.17f1c1 (a01dafa986ec)
[Subsystems] Discovering subsystems at path G:/study/Unity/2022.3.17f1c1/Editor/Data/Resources/UnitySubsystems
[Subsystems] Discovering subsystems at path G:/study/gitHub/ACT-Game/ACT Game/Assets
GfxDevice: creating device client; threaded=0; jobified=0
Direct3D:
    Version:  Direct3D 11.0 [level 11.1]
    Renderer: NVIDIA GeForce RTX 2060 with Max-Q Design (ID=0x1f12)
    Vendor:   NVIDIA
    VRAM:     5980 MB
    Driver:   30.0.15.1278
Initialize mono
Mono path[0] = 'G:/study/Unity/2022.3.17f1c1/Editor/Data/Managed'
Mono path[1] = 'G:/study/Unity/2022.3.17f1c1/Editor/Data/MonoBleedingEdge/lib/mono/unityjit-win32'
Mono config path = 'G:/study/Unity/2022.3.17f1c1/Editor/Data/MonoBleedingEdge/etc'
Using monoOptions --debugger-agent=transport=dt_socket,embedding=1,server=y,suspend=n,address=127.0.0.1:56584
Begin MonoManager ReloadAssembly
Registering precompiled unity dll's ...
Register platform support module: G:/study/Unity/2022.3.17f1c1/Editor/Data/PlaybackEngines/AndroidPlayer/UnityEditor.Android.Extensions.dll
Register platform support module: G:/study/Unity/2022.3.17f1c1/Editor/Data/PlaybackEngines/WindowsStandaloneSupport/UnityEditor.WindowsStandalone.Extensions.dll
Registered in 0.017727 seconds.
- Loaded All Assemblies, in  0.486 seconds
Native extension for WindowsStandalone target not found
Native extension for Android target not found
Android Extension - Scanning For ADB Devices 432 ms
Mono: successfully reloaded assembly
- Finished resetting the current domain, in  0.792 seconds
Domain Reload Profiling: 1270ms
	BeginReloadAssembly (173ms)
		ExecutionOrderSort (0ms)
		DisableScriptedObjects (0ms)
		BackupInstance (0ms)
		ReleaseScriptingObjects (0ms)
		CreateAndSetChildDomain (1ms)
	RebuildCommonClasses (40ms)
	RebuildNativeTypeToScriptingClass (11ms)
	initialDomainReloadingComplete (97ms)
	LoadAllAssembliesAndSetupDomain (156ms)
		LoadAssemblies (164ms)
		RebuildTransferFunctionScriptingTraits (0ms)
		AnalyzeDomain (152ms)
			TypeCache.Refresh (151ms)
				TypeCache.ScanAssembly (137ms)
			ScanForSourceGeneratedMonoScriptInfo (0ms)
			ResolveRequiredComponents (0ms)
	FinalizeReload (792ms)
		ReleaseScriptCaches (0ms)
		RebuildScriptCaches (0ms)
		SetupLoadedEditorAssemblies (734ms)
			LogAssemblyErrors (0ms)
			InitializePlatformSupportModulesInManaged (556ms)
			SetLoadedEditorAssemblies (4ms)
			RefreshPlugins (0ms)
			BeforeProcessingInitializeOnLoad (2ms)
			ProcessInitializeOnLoadAttributes (120ms)
			ProcessInitializeOnLoadMethodAttributes (52ms)
			AfterProcessingInitializeOnLoad (0ms)
			EditorAssembliesLoaded (0ms)
		ExecutionOrderSort2 (0ms)
		AwakeInstancesAfterBackupRestoration (0ms)
========================================================================
Worker process is ready to serve import requests
Begin MonoManager ReloadAssembly
- Loaded All Assemblies, in  0.846 seconds
Refreshing native plugins compatible for Editor in 11.02 ms, found 3 plugins.
Native extension for WindowsStandalone target not found
Native extension for Android target not found
Package Manager log level set to [2]
[Package Manager] Server::EnsureServerProcessIsRunning -- launch failed, reason: Unity was launched with the -noUpm command-line argument
[Package Manager] UpmClient::Send -- Unable to send message (not connected to UPM process).
[Package Manager] Cannot connect to Unity Package Manager local server
Mono: successfully reloaded assembly
- Finished resetting the current domain, in  0.707 seconds
Domain Reload Profiling: 1539ms
	BeginReloadAssembly (209ms)
		ExecutionOrderSort (0ms)
		DisableScriptedObjects (5ms)
		BackupInstance (0ms)
		ReleaseScriptingObjects (0ms)
		CreateAndSetChildDomain (22ms)
	RebuildCommonClasses (39ms)
	RebuildNativeTypeToScriptingClass (11ms)
	initialDomainReloadingComplete (66ms)
	LoadAllAssembliesAndSetupDomain (507ms)
		LoadAssemblies (440ms)
		RebuildTransferFunctionScriptingTraits (0ms)
		AnalyzeDomain (203ms)
			TypeCache.Refresh (179ms)
				TypeCache.ScanAssembly (163ms)
			ScanForSourceGeneratedMonoScriptInfo (16ms)
			ResolveRequiredComponents (6ms)
	FinalizeReload (707ms)
		ReleaseScriptCaches (0ms)
		RebuildScriptCaches (0ms)
		SetupLoadedEditorAssemblies (539ms)
			LogAssemblyErrors (0ms)
			InitializePlatformSupportModulesInManaged (35ms)
			SetLoadedEditorAssemblies (3ms)
			RefreshPlugins (0ms)
			BeforeProcessingInitializeOnLoad (73ms)
			ProcessInitializeOnLoadAttributes (384ms)
			ProcessInitializeOnLoadMethodAttributes (23ms)
			AfterProcessingInitializeOnLoad (21ms)
			EditorAssembliesLoaded (0ms)
		ExecutionOrderSort2 (0ms)
		AwakeInstancesAfterBackupRestoration (12ms)
database is locked
Failed to delete database file Library/ShaderCache.db
database is locked
database is locked
database is locked
database is locked
database is locked
database is locked
database is locked
database is locked
database is locked
database is locked
database is locked
database is locked
database is locked
database is locked
database is locked
database is locked
database is locked
database is locked
database is locked
database is locked
database is locked
database is locked
database is locked
database is locked
database is locked
database is locked
database is locked
database is locked
database is locked
database is locked
database is locked
database is locked
database is locked
database is locked
database is locked
database is locked
database is locked
database is locked
database is locked
database is locked
database is locked
database is locked
database is locked
database is locked
database is locked
database is locked
database is locked
database is locked
database is locked
database is locked
database is locked
database is locked
database is locked
database is locked
database is locked
database is locked
database is locked
database is locked
database is locked
database is locked
database is locked
database is locked
database is locked
database is locked
database is locked
database is locked
database is locked
database is locked
database is locked
database is locked
database is locked
database is locked
database is locked
database is locked
database is locked
database is locked
database is locked
database is locked
database is locked
database is locked
database is locked
database is locked
database is locked
database is locked
database is locked
database is locked
database is locked
database is locked
database is locked
database is locked
database is locked
database is locked
database is locked
database is locked
database is locked
database is locked
database is locked
database is locked
database is locked
database is locked
database is locked
database is locked
database is locked
database is locked
database is locked
database is locked
database is locked
database is locked
database is locked
database is locked
database is locked
database is locked
database is locked
database is locked
database is locked
database is locked
database is locked
database is locked
database is locked
database is locked
database is locked
database is locked
database is locked
database is locked
database is locked
database is locked
database is locked
database is locked
database is locked
database is locked
database is locked
database is locked
database is locked
database is locked
database is locked
database is locked
database is locked
database is locked
database is locked
database is locked
database is locked
database is locked
database is locked
database is locked
database is locked
database is locked
database is locked
Launched and connected shader compiler UnityShaderCompiler.exe after 0.06 seconds
database is locked
database is locked
database is locked
database is locked
database is locked
database is locked
database is locked
database is locked
database is locked
database is locked
database is locked
database is locked
database is locked
database is locked
database is locked
database is locked
database is locked
database is locked
database is locked
database is locked
database is locked
database is locked
database is locked
database is locked
database is locked
database is locked
database is locked
database is locked
database is locked
database is locked
database is locked
database is locked
database is locked
database is locked
database is locked
database is locked
database is locked
database is locked
database is locked
database is locked
database is locked
database is locked
database is locked
database is locked
database is locked
database is locked
database is locked
database is locked
database is locked
database is locked
database is locked
database is locked
database is locked
database is locked
database is locked
database is locked
database is locked
database is locked
database is locked
database is locked
database is locked
database is locked
database is locked
database is locked
database is locked
database is locked
database is locked
database is locked
database is locked
database is locked
database is locked
database is locked
database is locked
database is locked
database is locked
database is locked
database is locked
database is locked
database is locked
database is locked
database is locked
database is locked
database is locked
database is locked
database is locked
database is locked
database is locked
database is locked
database is locked
database is locked
database is locked
database is locked
database is locked
database is locked
database is locked
database is locked
database is locked
database is locked
database is locked
database is locked
database is locked
database is locked
database is locked
database is locked
database is locked
database is locked
database is locked
database is locked
database is locked
database is locked
database is locked
database is locked
database is locked
database is locked
database is locked
database is locked
database is locked
database is locked
database is locked
database is locked
database is locked
database is locked
database is locked
database is locked
database is locked
database is locked
database is locked
database is locked
database is locked
database is locked
database is locked
database is locked
database is locked
database is locked
database is locked
database is locked
database is locked
database is locked
database is locked
database is locked
database is locked
database is locked
database is locked
database is locked
database is locked
database is locked
database is locked
database is locked
database is locked
database is locked
database is locked
database is locked
database is locked
database is locked
database is locked
database is locked
database is locked
database is locked
database is locked
database is locked
database is locked
database is locked
database is locked
database is locked
database is locked
database is locked
database is locked
database is locked
database is locked
database is locked
database is locked
database is locked
database is locked
database is locked
database is locked
database is locked
database is locked
database is locked
database is locked
database is locked
database is locked
database is locked
database is locked
database is locked
database is locked
database is locked
database is locked
database is locked
database is locked
database is locked
database is locked
database is locked
database is locked
database is locked
database is locked
database is locked
database is locked
database is locked
database is locked
database is locked
database is locked
database is locked
database is locked
database is locked
database is locked
database is locked
database is locked
database is locked
database is locked
database is locked
database is locked
database is locked
database is locked
database is locked
database is locked
database is locked
database is locked
database is locked
database is locked
database is locked
database is locked
database is locked
database is locked
database is locked
database is locked
database is locked
database is locked
database is locked
database is locked
database is locked
database is locked
database is locked
database is locked
database is locked
database is locked
database is locked
database is locked
database is locked
database is locked
database is locked
database is locked
database is locked
database is locked
database is locked
Refreshing native plugins compatible for Editor in 9.95 ms, found 3 plugins.
Preloading 0 native plugins for Editor in 0.00 ms.
Unloading 3408 Unused Serialized files (Serialized files now loaded: 0)
Unloading 45 unused Assets / (131.4 KB). Loaded Objects now: 3892.
Memory consumption went from 181.0 MB to 180.9 MB.
Total: 3.193300 ms (FindLiveObjects: 0.276200 ms CreateObjectMapping: 0.088800 ms MarkObjects: 2.674900 ms  DeleteObjects: 0.152100 ms)

AssetImportParameters requested are different than current active one (requested -> active):
  custom:container-demuxer-ogg: 62fdf1f143b41e24485cea50d1cbac27 -> 
  custom:video-codec-MediaFoundation-h265: 746d11721c4dcdbdad8f713fa42b33f4 -> 
  custom:video-decoder-ogg-theora: a1e56fd34408186e4bbccfd4996cb3dc -> 
  custom:framework-win-MediaFoundation: 216162199b28c13a410421893ffa2e32 -> 
  custom:CustomObjectIndexerAttribute: 6d391050e5a25f67b0a2c618074f2cd9 -> 
  custom:container-demuxer-webm: 4f35f7cbe854078d1ac9338744f61a02 -> 
  custom:container-muxer-webm: aa71ff27fc2769a1b78a27578f13a17b -> 
  custom:video-decoder-webm-vp8: 9c59270c3fd7afecdb556c50c9e8de78 -> 
  custom:SearchIndexIgnoredProperties: e643bd26f0fe6173181afceb89e7c659 -> 
  custom:AudioImporter_EditorPlatform: d09bf68614088b80899f8185d706f6e7 -> 
  custom:video-encoder-webm-vp8: eb34c28f22e8b96e1ab97ce403110664 -> 
  custom:audio-decoder-ogg-vorbis: bf7c407c2cedff20999df2af8eb42d56 -> 
  custom:audio-encoder-webm-vorbis: bf7c407c2cedff20999df2af8eb42d56 -> 
========================================================================
Received Prepare
Begin MonoManager ReloadAssembly
- Loaded All Assemblies, in  0.682 seconds
Refreshing native plugins compatible for Editor in 10.21 ms, found 3 plugins.
Native extension for WindowsStandalone target not found
Native extension for Android target not found
[Package Manager] Server::EnsureServerProcessIsRunning -- launch failed, reason: Unity was launched with the -noUpm command-line argument
[Package Manager] UpmClient::Send -- Unable to send message (not connected to UPM process).
[Package Manager] Cannot connect to Unity Package Manager local server
Mono: successfully reloaded assembly
- Finished resetting the current domain, in  1.559 seconds
Domain Reload Profiling: 2227ms
	BeginReloadAssembly (220ms)
		ExecutionOrderSort (0ms)
		DisableScriptedObjects (6ms)
		BackupInstance (0ms)
		ReleaseScriptingObjects (0ms)
		CreateAndSetChildDomain (33ms)
	RebuildCommonClasses (41ms)
	RebuildNativeTypeToScriptingClass (12ms)
	initialDomainReloadingComplete (57ms)
	LoadAllAssembliesAndSetupDomain (338ms)
		LoadAssemblies (443ms)
		RebuildTransferFunctionScriptingTraits (0ms)
		AnalyzeDomain (28ms)
			TypeCache.Refresh (9ms)
				TypeCache.ScanAssembly (1ms)
			ScanForSourceGeneratedMonoScriptInfo (11ms)
			ResolveRequiredComponents (6ms)
	FinalizeReload (1560ms)
		ReleaseScriptCaches (0ms)
		RebuildScriptCaches (0ms)
		SetupLoadedEditorAssemblies (460ms)
			LogAssemblyErrors (0ms)
			InitializePlatformSupportModulesInManaged (33ms)
			SetLoadedEditorAssemblies (6ms)
			RefreshPlugins (0ms)
			BeforeProcessingInitializeOnLoad (76ms)
			ProcessInitializeOnLoadAttributes (305ms)
			ProcessInitializeOnLoadMethodAttributes (19ms)
			AfterProcessingInitializeOnLoad (21ms)
			EditorAssembliesLoaded (0ms)
		ExecutionOrderSort2 (0ms)
		AwakeInstancesAfterBackupRestoration (11ms)
database is locked
database is locked
database is locked
database is locked
database is locked
database is locked
database is locked
database is locked
database is locked
database is locked
database is locked
database is locked
database is locked
database is locked
database is locked
database is locked
database is locked
database is locked
database is locked
database is locked
database is locked
database is locked
database is locked
database is locked
database is locked
database is locked
database is locked
database is locked
database is locked
database is locked
database is locked
database is locked
database is locked
database is locked
database is locked
database is locked
database is locked
database is locked
database is locked
database is locked
database is locked
database is locked
database is locked
database is locked
database is locked
database is locked
database is locked
database is locked
database is locked
database is locked
database is locked
database is locked
database is locked
database is locked
database is locked
database is locked
database is locked
database is locked
database is locked
database is locked
database is locked
database is locked
database is locked
database is locked
database is locked
database is locked
database is locked
database is locked
database is locked
database is locked
database is locked
database is locked
database is locked
database is locked
database is locked
database is locked
database is locked
database is locked
database is locked
database is locked
database is locked
database is locked
database is locked
database is locked
database is locked
database is locked
database is locked
database is locked
database is locked
database is locked
database is locked
database is locked
database is locked
database is locked
database is locked
database is locked
database is locked
database is locked
database is locked
database is locked
database is locked
database is locked
database is locked
database is locked
database is locked
database is locked
database is locked
database is locked
database is locked
database is locked
database is locked
database is locked
database is locked
database is locked
database is locked
database is locked
database is locked
database is locked
database is locked
database is locked
database is locked
database is locked
database is locked
database is locked
database is locked
database is locked
database is locked
database is locked
database is locked
database is locked
database is locked
database is locked
database is locked
database is locked
database is locked
database is locked
database is locked
database is locked
database is locked
database is locked
database is locked
database is locked
database is locked
database is locked
database is locked
database is locked
database is locked
database is locked
database is locked
database is locked
database is locked
database is locked
database is locked
database is locked
database is locked
database is locked
database is locked
database is locked
database is locked
database is locked
database is locked
database is locked
database is locked
database is locked
database is locked
database is locked
database is locked
database is locked
database is locked
database is locked
database is locked
database is locked
database is locked
database is locked
database is locked
database is locked
database is locked
database is locked
database is locked
database is locked
database is locked
database is locked
database is locked
database is locked
database is locked
database is locked
database is locked
database is locked
database is locked
database is locked
database is locked
database is locked
database is locked
database is locked
database is locked
database is locked
database is locked
database is locked
database is locked
database is locked
database is locked
database is locked
database is locked
database is locked
database is locked
database is locked
database is locked
database is locked
database is locked
database is locked
database is locked
database is locked
database is locked
database is locked
database is locked
database is locked
database is locked
database is locked
database is locked
database is locked
database is locked
database is locked
database is locked
database is locked
database is locked
database is locked
database is locked
database is locked
database is locked
database is locked
database is locked
database is locked
database is locked
database is locked
database is locked
database is locked
database is locked
database is locked
database is locked
database is locked
database is locked
database is locked
database is locked
database is locked
database is locked
database is locked
database is locked
database is locked
database is locked
database is locked
database is locked
database is locked
database is locked
database is locked
database is locked
database is locked
database is locked
database is locked
database is locked
database is locked
database is locked
database is locked
database is locked
database is locked
database is locked
database is locked
database is locked
database is locked
database is locked
database is locked
database is locked
database is locked
database is locked
database is locked
database is locked
database is locked
database is locked
database is locked
database is locked
database is locked
database is locked
database is locked
database is locked
database is locked
database is locked
database is locked
database is locked
database is locked
database is locked
database is locked
database is locked
database is locked
database is locked
database is locked
database is locked
database is locked
database is locked
database is locked
database is locked
database is locked
database is locked
database is locked
database is locked
database is locked
database is locked
database is locked
database is locked
database is locked
database is locked
database is locked
database is locked
database is locked
database is locked
database is locked
database is locked
database is locked
database is locked
database is locked
database is locked
database is locked
database is locked
database is locked
database is locked
database is locked
database is locked
database is locked
database is locked
database is locked
database is locked
database is locked
database is locked
database is locked
database is locked
database is locked
database is locked
database is locked
database is locked
database is locked
database is locked
database is locked
database is locked
database is locked
database is locked
database is locked
database is locked
database is locked
database is locked
database is locked
database is locked
database is locked
database is locked
database is locked
database is locked
database is locked
database is locked
database is locked
database is locked
database is locked
database is locked
database is locked
database is locked
database is locked
database is locked
database is locked
database is locked
database is locked
database is locked
database is locked
database is locked
database is locked
database is locked
database is locked
database is locked
database is locked
database is locked
database is locked
database is locked
database is locked
database is locked
database is locked
database is locked
database is locked
database is locked
database is locked
database is locked
database is locked
database is locked
database is locked
database is locked
database is locked
database is locked
Refreshing native plugins compatible for Editor in 9.45 ms, found 3 plugins.
Preloading 0 native plugins for Editor in 0.00 ms.
Unloading 3297 Unused Serialized files (Serialized files now loaded: 0)
Unloading 24 unused Assets / (102.3 KB). Loaded Objects now: 3907.
Memory consumption went from 156.6 MB to 156.5 MB.
Total: 3.606700 ms (FindLiveObjects: 0.325800 ms CreateObjectMapping: 0.110200 ms MarkObjects: 3.082600 ms  DeleteObjects: 0.086500 ms)

Prepare: number of updated asset objects reloaded= 0
AssetImportParameters requested are different than current active one (requested -> active):
  custom:container-demuxer-ogg: 62fdf1f143b41e24485cea50d1cbac27 -> 
  custom:video-codec-MediaFoundation-h265: 746d11721c4dcdbdad8f713fa42b33f4 -> 
  custom:video-decoder-ogg-theora: a1e56fd34408186e4bbccfd4996cb3dc -> 
  custom:framework-win-MediaFoundation: 216162199b28c13a410421893ffa2e32 -> 
  custom:CustomObjectIndexerAttribute: 6d391050e5a25f67b0a2c618074f2cd9 -> 
  custom:container-demuxer-webm: 4f35f7cbe854078d1ac9338744f61a02 -> 
  custom:container-muxer-webm: aa71ff27fc2769a1b78a27578f13a17b -> 
  custom:video-decoder-webm-vp8: 9c59270c3fd7afecdb556c50c9e8de78 -> 
  custom:SearchIndexIgnoredProperties: e643bd26f0fe6173181afceb89e7c659 -> 
  custom:AudioImporter_EditorPlatform: d09bf68614088b80899f8185d706f6e7 -> 
  custom:video-encoder-webm-vp8: eb34c28f22e8b96e1ab97ce403110664 -> 
  custom:audio-decoder-ogg-vorbis: bf7c407c2cedff20999df2af8eb42d56 -> 
  custom:audio-encoder-webm-vorbis: bf7c407c2cedff20999df2af8eb42d56 -> 
========================================================================
Received Prepare
Begin MonoManager ReloadAssembly
- Loaded All Assemblies, in  0.643 seconds
Refreshing native plugins compatible for Editor in 10.31 ms, found 3 plugins.
Native extension for WindowsStandalone target not found
Native extension for Android target not found
[Package Manager] Server::EnsureServerProcessIsRunning -- launch failed, reason: Unity was launched with the -noUpm command-line argument
[Package Manager] UpmClient::Send -- Unable to send message (not connected to UPM process).
[Package Manager] Cannot connect to Unity Package Manager local server
Mono: successfully reloaded assembly
- Finished resetting the current domain, in  1.515 seconds
Domain Reload Profiling: 2143ms
	BeginReloadAssembly (226ms)
		ExecutionOrderSort (0ms)
		DisableScriptedObjects (9ms)
		BackupInstance (0ms)
		ReleaseScriptingObjects (0ms)
		CreateAndSetChildDomain (33ms)
	RebuildCommonClasses (35ms)
	RebuildNativeTypeToScriptingClass (14ms)
	initialDomainReloadingComplete (49ms)
	LoadAllAssembliesAndSetupDomain (304ms)
		LoadAssemblies (419ms)
		RebuildTransferFunctionScriptingTraits (0ms)
		AnalyzeDomain (22ms)
			TypeCache.Refresh (8ms)
				TypeCache.ScanAssembly (0ms)
			ScanForSourceGeneratedMonoScriptInfo (7ms)
			ResolveRequiredComponents (5ms)
	FinalizeReload (1515ms)
		ReleaseScriptCaches (0ms)
		RebuildScriptCaches (0ms)
		SetupLoadedEditorAssemblies (439ms)
			LogAssemblyErrors (0ms)
			InitializePlatformSupportModulesInManaged (33ms)
			SetLoadedEditorAssemblies (3ms)
			RefreshPlugins (0ms)
			BeforeProcessingInitializeOnLoad (73ms)
			ProcessInitializeOnLoadAttributes (291ms)
			ProcessInitializeOnLoadMethodAttributes (20ms)
			AfterProcessingInitializeOnLoad (20ms)
			EditorAssembliesLoaded (0ms)
		ExecutionOrderSort2 (0ms)
		AwakeInstancesAfterBackupRestoration (10ms)
database is locked
database is locked
database is locked
database is locked
database is locked
database is locked
database is locked
database is locked
database is locked
database is locked
database is locked
database is locked
database is locked
database is locked
database is locked
database is locked
database is locked
database is locked
database is locked
database is locked
database is locked
database is locked
database is locked
database is locked
database is locked
database is locked
database is locked
database is locked
database is locked
database is locked
database is locked
database is locked
database is locked
database is locked
database is locked
database is locked
database is locked
database is locked
database is locked
database is locked
database is locked
database is locked
database is locked
database is locked
database is locked
database is locked
database is locked
database is locked
database is locked
database is locked
database is locked
database is locked
database is locked
database is locked
database is locked
database is locked
database is locked
database is locked
database is locked
database is locked
database is locked
database is locked
database is locked
database is locked
database is locked
database is locked
database is locked
database is locked
database is locked
database is locked
database is locked
database is locked
database is locked
database is locked
database is locked
database is locked
database is locked
database is locked
database is locked
database is locked
database is locked
database is locked
database is locked
database is locked
database is locked
database is locked
database is locked
database is locked
database is locked
database is locked
database is locked
database is locked
database is locked
database is locked
database is locked
database is locked
database is locked
database is locked
database is locked
database is locked
database is locked
database is locked
database is locked
database is locked
database is locked
database is locked
database is locked
database is locked
database is locked
database is locked
database is locked
database is locked
database is locked
database is locked
database is locked
database is locked
database is locked
database is locked
database is locked
database is locked
database is locked
database is locked
database is locked
database is locked
database is locked
database is locked
database is locked
database is locked
database is locked
database is locked
database is locked
database is locked
database is locked
database is locked
database is locked
database is locked
database is locked
database is locked
database is locked
database is locked
database is locked
database is locked
database is locked
database is locked
database is locked
database is locked
database is locked
database is locked
database is locked
database is locked
database is locked
database is locked
database is locked
database is locked
database is locked
database is locked
database is locked
database is locked
database is locked
database is locked
database is locked
database is locked
database is locked
database is locked
database is locked
database is locked
database is locked
database is locked
database is locked
database is locked
database is locked
database is locked
database is locked
database is locked
database is locked
database is locked
database is locked
database is locked
database is locked
database is locked
database is locked
database is locked
database is locked
database is locked
database is locked
database is locked
database is locked
database is locked
database is locked
database is locked
database is locked
database is locked
database is locked
database is locked
database is locked
database is locked
database is locked
database is locked
database is locked
database is locked
database is locked
database is locked
database is locked
database is locked
database is locked
database is locked
database is locked
database is locked
database is locked
database is locked
database is locked
database is locked
database is locked
database is locked
database is locked
database is locked
database is locked
database is locked
database is locked
database is locked
database is locked
database is locked
database is locked
database is locked
database is locked
database is locked
database is locked
database is locked
database is locked
database is locked
database is locked
database is locked
database is locked
database is locked
database is locked
database is locked
database is locked
database is locked
database is locked
database is locked
database is locked
database is locked
database is locked
database is locked
database is locked
database is locked
database is locked
database is locked
database is locked
database is locked
database is locked
database is locked
database is locked
database is locked
database is locked
database is locked
database is locked
database is locked
database is locked
database is locked
database is locked
database is locked
database is locked
database is locked
database is locked
database is locked
database is locked
database is locked
database is locked
database is locked
database is locked
database is locked
database is locked
database is locked
database is locked
database is locked
database is locked
database is locked
database is locked
database is locked
database is locked
database is locked
database is locked
database is locked
database is locked
database is locked
database is locked
database is locked
database is locked
database is locked
database is locked
database is locked
database is locked
database is locked
database is locked
database is locked
database is locked
database is locked
database is locked
database is locked
database is locked
database is locked
database is locked
database is locked
database is locked
database is locked
database is locked
database is locked
database is locked
database is locked
database is locked
database is locked
database is locked
database is locked
database is locked
database is locked
database is locked
database is locked
database is locked
database is locked
database is locked
database is locked
database is locked
database is locked
database is locked
database is locked
database is locked
database is locked
database is locked
database is locked
database is locked
database is locked
database is locked
database is locked
database is locked
database is locked
database is locked
database is locked
database is locked
database is locked
database is locked
database is locked
database is locked
database is locked
database is locked
database is locked
database is locked
database is locked
database is locked
database is locked
database is locked
database is locked
database is locked
database is locked
database is locked
database is locked
database is locked
database is locked
database is locked
database is locked
database is locked
database is locked
database is locked
database is locked
database is locked
database is locked
database is locked
database is locked
database is locked
database is locked
database is locked
database is locked
database is locked
database is locked
database is locked
database is locked
database is locked
database is locked
database is locked
database is locked
database is locked
database is locked
database is locked
database is locked
database is locked
database is locked
database is locked
database is locked
database is locked
database is locked
database is locked
Refreshing native plugins compatible for Editor in 10.08 ms, found 3 plugins.
Preloading 0 native plugins for Editor in 0.00 ms.
Unloading 3297 Unused Serialized files (Serialized files now loaded: 0)
Unloading 24 unused Assets / (102.4 KB). Loaded Objects now: 3922.
Memory consumption went from 158.6 MB to 158.5 MB.
Total: 2.858200 ms (FindLiveObjects: 0.286100 ms CreateObjectMapping: 0.118600 ms MarkObjects: 2.369200 ms  DeleteObjects: 0.082800 ms)

Prepare: number of updated asset objects reloaded= 0
AssetImportParameters requested are different than current active one (requested -> active):
  custom:container-demuxer-ogg: 62fdf1f143b41e24485cea50d1cbac27 -> 
  custom:video-codec-MediaFoundation-h265: 746d11721c4dcdbdad8f713fa42b33f4 -> 
  custom:video-decoder-ogg-theora: a1e56fd34408186e4bbccfd4996cb3dc -> 
  custom:framework-win-MediaFoundation: 216162199b28c13a410421893ffa2e32 -> 
  custom:CustomObjectIndexerAttribute: 6d391050e5a25f67b0a2c618074f2cd9 -> 
  custom:container-demuxer-webm: 4f35f7cbe854078d1ac9338744f61a02 -> 
  custom:container-muxer-webm: aa71ff27fc2769a1b78a27578f13a17b -> 
  custom:video-decoder-webm-vp8: 9c59270c3fd7afecdb556c50c9e8de78 -> 
  custom:SearchIndexIgnoredProperties: e643bd26f0fe6173181afceb89e7c659 -> 
  custom:AudioImporter_EditorPlatform: d09bf68614088b80899f8185d706f6e7 -> 
  custom:video-encoder-webm-vp8: eb34c28f22e8b96e1ab97ce403110664 -> 
  custom:audio-decoder-ogg-vorbis: bf7c407c2cedff20999df2af8eb42d56 -> 
  custom:audio-encoder-webm-vorbis: bf7c407c2cedff20999df2af8eb42d56 -> 
========================================================================
Received Prepare
Begin MonoManager ReloadAssembly
- Loaded All Assemblies, in  0.599 seconds
Refreshing native plugins compatible for Editor in 10.21 ms, found 3 plugins.
Native extension for WindowsStandalone target not found
Native extension for Android target not found
[Package Manager] Server::EnsureServerProcessIsRunning -- launch failed, reason: Unity was launched with the -noUpm command-line argument
[Package Manager] UpmClient::Send -- Unable to send message (not connected to UPM process).
[Package Manager] Cannot connect to Unity Package Manager local server
Mono: successfully reloaded assembly
- Finished resetting the current domain, in  1.462 seconds
Domain Reload Profiling: 2047ms
	BeginReloadAssembly (204ms)
		ExecutionOrderSort (0ms)
		DisableScriptedObjects (5ms)
		BackupInstance (0ms)
		ReleaseScriptingObjects (0ms)
		CreateAndSetChildDomain (33ms)
	RebuildCommonClasses (35ms)
	RebuildNativeTypeToScriptingClass (12ms)
	initialDomainReloadingComplete (48ms)
	LoadAllAssembliesAndSetupDomain (285ms)
		LoadAssemblies (387ms)
		RebuildTransferFunctionScriptingTraits (0ms)
		AnalyzeDomain (20ms)
			TypeCache.Refresh (8ms)
				TypeCache.ScanAssembly (0ms)
			ScanForSourceGeneratedMonoScriptInfo (6ms)
			ResolveRequiredComponents (5ms)
	FinalizeReload (1463ms)
		ReleaseScriptCaches (0ms)
		RebuildScriptCaches (0ms)
		SetupLoadedEditorAssemblies (432ms)
			LogAssemblyErrors (0ms)
			InitializePlatformSupportModulesInManaged (33ms)
			SetLoadedEditorAssemblies (3ms)
			RefreshPlugins (0ms)
			BeforeProcessingInitializeOnLoad (72ms)
			ProcessInitializeOnLoadAttributes (282ms)
			ProcessInitializeOnLoadMethodAttributes (21ms)
			AfterProcessingInitializeOnLoad (21ms)
			EditorAssembliesLoaded (0ms)
		ExecutionOrderSort2 (0ms)
		AwakeInstancesAfterBackupRestoration (11ms)
database is locked
database is locked
database is locked
database is locked
database is locked
database is locked
database is locked
database is locked
database is locked
database is locked
database is locked
database is locked
database is locked
database is locked
database is locked
database is locked
database is locked
database is locked
database is locked
database is locked
database is locked
database is locked
database is locked
database is locked
database is locked
database is locked
database is locked
database is locked
database is locked
database is locked
database is locked
database is locked
database is locked
database is locked
database is locked
database is locked
database is locked
database is locked
database is locked
database is locked
database is locked
database is locked
database is locked
database is locked
database is locked
database is locked
database is locked
database is locked
database is locked
database is locked
database is locked
database is locked
database is locked
database is locked
database is locked
database is locked
database is locked
database is locked
database is locked
database is locked
database is locked
database is locked
database is locked
database is locked
database is locked
database is locked
database is locked
database is locked
database is locked
database is locked
database is locked
database is locked
database is locked
database is locked
database is locked
database is locked
database is locked
database is locked
database is locked
database is locked
database is locked
database is locked
database is locked
database is locked
database is locked
database is locked
database is locked
database is locked
database is locked
database is locked
database is locked
database is locked
database is locked
database is locked
database is locked
database is locked
database is locked
database is locked
database is locked
database is locked
database is locked
database is locked
database is locked
database is locked
database is locked
database is locked
database is locked
database is locked
database is locked
database is locked
database is locked
database is locked
database is locked
database is locked
database is locked
database is locked
database is locked
database is locked
database is locked
database is locked
database is locked
database is locked
database is locked
database is locked
database is locked
database is locked
database is locked
database is locked
database is locked
database is locked
database is locked
database is locked
database is locked
database is locked
database is locked
database is locked
database is locked
database is locked
database is locked
database is locked
database is locked
database is locked
database is locked
database is locked
database is locked
database is locked
database is locked
database is locked
database is locked
database is locked
database is locked
database is locked
database is locked
database is locked
database is locked
database is locked
database is locked
database is locked
database is locked
database is locked
database is locked
database is locked
database is locked
database is locked
database is locked
database is locked
database is locked
database is locked
database is locked
database is locked
database is locked
database is locked
database is locked
database is locked
database is locked
database is locked
database is locked
database is locked
database is locked
database is locked
database is locked
database is locked
database is locked
database is locked
database is locked
database is locked
database is locked
database is locked
database is locked
database is locked
database is locked
database is locked
database is locked
database is locked
database is locked
database is locked
database is locked
database is locked
database is locked
database is locked
database is locked
database is locked
database is locked
database is locked
database is locked
database is locked
database is locked
database is locked
database is locked
database is locked
database is locked
database is locked
database is locked
database is locked
database is locked
database is locked
database is locked
database is locked
database is locked
database is locked
database is locked
database is locked
database is locked
database is locked
database is locked
database is locked
database is locked
database is locked
database is locked
database is locked
database is locked
database is locked
database is locked
database is locked
database is locked
database is locked
database is locked
database is locked
database is locked
database is locked
database is locked
database is locked
database is locked
database is locked
database is locked
database is locked
database is locked
database is locked
database is locked
database is locked
database is locked
database is locked
database is locked
database is locked
database is locked
database is locked
database is locked
database is locked
database is locked
database is locked
database is locked
database is locked
database is locked
database is locked
database is locked
database is locked
database is locked
database is locked
database is locked
database is locked
database is locked
database is locked
database is locked
database is locked
database is locked
database is locked
database is locked
database is locked
database is locked
database is locked
database is locked
database is locked
database is locked
database is locked
database is locked
database is locked
database is locked
database is locked
database is locked
database is locked
database is locked
database is locked
database is locked
database is locked
database is locked
database is locked
database is locked
database is locked
database is locked
database is locked
database is locked
database is locked
database is locked
database is locked
database is locked
database is locked
database is locked
database is locked
database is locked
database is locked
database is locked
database is locked
database is locked
database is locked
database is locked
database is locked
database is locked
database is locked
database is locked
database is locked
database is locked
database is locked
database is locked
database is locked
database is locked
database is locked
database is locked
database is locked
database is locked
database is locked
database is locked
database is locked
database is locked
database is locked
database is locked
database is locked
database is locked
database is locked
database is locked
database is locked
database is locked
database is locked
database is locked
database is locked
database is locked
database is locked
database is locked
database is locked
database is locked
database is locked
database is locked
database is locked
database is locked
database is locked
database is locked
database is locked
database is locked
database is locked
database is locked
database is locked
database is locked
database is locked
database is locked
database is locked
database is locked
database is locked
database is locked
database is locked
database is locked
database is locked
database is locked
database is locked
database is locked
database is locked
database is locked
database is locked
database is locked
database is locked
database is locked
database is locked
database is locked
database is locked
database is locked
database is locked
database is locked
database is locked
database is locked
database is locked
database is locked
database is locked
database is locked
Refreshing native plugins compatible for Editor in 12.71 ms, found 3 plugins.
Preloading 0 native plugins for Editor in 0.00 ms.
Unloading 3297 Unused Serialized files (Serialized files now loaded: 0)
Unloading 24 unused Assets / (102.4 KB). Loaded Objects now: 3937.
Memory consumption went from 160.6 MB to 160.5 MB.
Total: 3.999100 ms (FindLiveObjects: 0.424200 ms CreateObjectMapping: 0.165400 ms MarkObjects: 3.090300 ms  DeleteObjects: 0.316800 ms)

Prepare: number of updated asset objects reloaded= 0
AssetImportParameters requested are different than current active one (requested -> active):
  custom:container-demuxer-ogg: 62fdf1f143b41e24485cea50d1cbac27 -> 
  custom:video-codec-MediaFoundation-h265: 746d11721c4dcdbdad8f713fa42b33f4 -> 
  custom:video-decoder-ogg-theora: a1e56fd34408186e4bbccfd4996cb3dc -> 
  custom:framework-win-MediaFoundation: 216162199b28c13a410421893ffa2e32 -> 
  custom:CustomObjectIndexerAttribute: 6d391050e5a25f67b0a2c618074f2cd9 -> 
  custom:container-demuxer-webm: 4f35f7cbe854078d1ac9338744f61a02 -> 
  custom:container-muxer-webm: aa71ff27fc2769a1b78a27578f13a17b -> 
  custom:video-decoder-webm-vp8: 9c59270c3fd7afecdb556c50c9e8de78 -> 
  custom:SearchIndexIgnoredProperties: e643bd26f0fe6173181afceb89e7c659 -> 
  custom:AudioImporter_EditorPlatform: d09bf68614088b80899f8185d706f6e7 -> 
  custom:video-encoder-webm-vp8: eb34c28f22e8b96e1ab97ce403110664 -> 
  custom:audio-decoder-ogg-vorbis: bf7c407c2cedff20999df2af8eb42d56 -> 
  custom:audio-encoder-webm-vorbis: bf7c407c2cedff20999df2af8eb42d56 -> 
========================================================================
Received Prepare
Begin MonoManager ReloadAssembly
- Loaded All Assemblies, in  0.795 seconds
Refreshing native plugins compatible for Editor in 12.33 ms, found 3 plugins.
Native extension for WindowsStandalone target not found
Native extension for Android target not found
[Package Manager] Server::EnsureServerProcessIsRunning -- launch failed, reason: Unity was launched with the -noUpm command-line argument
[Package Manager] UpmClient::Send -- Unable to send message (not connected to UPM process).
[Package Manager] Cannot connect to Unity Package Manager local server
Mono: successfully reloaded assembly
- Finished resetting the current domain, in  2.127 seconds
Domain Reload Profiling: 2906ms
	BeginReloadAssembly (275ms)
		ExecutionOrderSort (0ms)
		DisableScriptedObjects (7ms)
		BackupInstance (0ms)
		ReleaseScriptingObjects (0ms)
		CreateAndSetChildDomain (48ms)
	RebuildCommonClasses (54ms)
	RebuildNativeTypeToScriptingClass (12ms)
	initialDomainReloadingComplete (66ms)
	LoadAllAssembliesAndSetupDomain (372ms)
		LoadAssemblies (521ms)
		RebuildTransferFunctionScriptingTraits (0ms)
		AnalyzeDomain (19ms)
			TypeCache.Refresh (9ms)
				TypeCache.ScanAssembly (0ms)
			ScanForSourceGeneratedMonoScriptInfo (0ms)
			ResolveRequiredComponents (8ms)
	FinalizeReload (2127ms)
		ReleaseScriptCaches (0ms)
		RebuildScriptCaches (0ms)
		SetupLoadedEditorAssemblies (615ms)
			LogAssemblyErrors (0ms)
			InitializePlatformSupportModulesInManaged (51ms)
			SetLoadedEditorAssemblies (5ms)
			RefreshPlugins (0ms)
			BeforeProcessingInitializeOnLoad (93ms)
			ProcessInitializeOnLoadAttributes (411ms)
			ProcessInitializeOnLoadMethodAttributes (29ms)
			AfterProcessingInitializeOnLoad (26ms)
			EditorAssembliesLoaded (0ms)
		ExecutionOrderSort2 (0ms)
		AwakeInstancesAfterBackupRestoration (14ms)
database is locked
database is locked
database is locked
database is locked
database is locked
database is locked
database is locked
database is locked
database is locked
database is locked
database is locked
database is locked
database is locked
database is locked
database is locked
database is locked
database is locked
database is locked
database is locked
database is locked
database is locked
database is locked
database is locked
database is locked
database is locked
database is locked
database is locked
database is locked
database is locked
database is locked
database is locked
database is locked
database is locked
database is locked
database is locked
database is locked
database is locked
database is locked
database is locked
database is locked
database is locked
database is locked
database is locked
database is locked
database is locked
database is locked
database is locked
database is locked
database is locked
database is locked
database is locked
database is locked
database is locked
database is locked
database is locked
database is locked
database is locked
database is locked
database is locked
database is locked
database is locked
database is locked
database is locked
database is locked
database is locked
database is locked
database is locked
database is locked
database is locked
database is locked
database is locked
database is locked
database is locked
database is locked
database is locked
database is locked
database is locked
database is locked
database is locked
database is locked
database is locked
database is locked
database is locked
database is locked
database is locked
database is locked
database is locked
database is locked
database is locked
database is locked
database is locked
database is locked
database is locked
database is locked
database is locked
database is locked
database is locked
database is locked
database is locked
database is locked
database is locked
database is locked
database is locked
database is locked
database is locked
database is locked
database is locked
database is locked
database is locked
database is locked
database is locked
database is locked
database is locked
database is locked
database is locked
database is locked
database is locked
database is locked
database is locked
database is locked
database is locked
database is locked
database is locked
database is locked
database is locked
database is locked
database is locked
database is locked
database is locked
database is locked
database is locked
database is locked
database is locked
database is locked
database is locked
database is locked
database is locked
database is locked
database is locked
database is locked
database is locked
database is locked
database is locked
database is locked
database is locked
database is locked
database is locked
database is locked
database is locked
database is locked
database is locked
database is locked
database is locked
database is locked
database is locked
database is locked
database is locked
database is locked
database is locked
database is locked
database is locked
database is locked
database is locked
database is locked
database is locked
database is locked
database is locked
database is locked
database is locked
database is locked
database is locked
database is locked
database is locked
database is locked
database is locked
database is locked
database is locked
database is locked
database is locked
database is locked
database is locked
database is locked
database is locked
database is locked
database is locked
database is locked
database is locked
database is locked
database is locked
database is locked
database is locked
database is locked
database is locked
database is locked
database is locked
database is locked
database is locked
database is locked
database is locked
database is locked
database is locked
database is locked
database is locked
database is locked
database is locked
database is locked
database is locked
database is locked
database is locked
database is locked
database is locked
database is locked
database is locked
database is locked
database is locked
database is locked
database is locked
database is locked
database is locked
database is locked
database is locked
database is locked
database is locked
database is locked
database is locked
database is locked
database is locked
database is locked
database is locked
database is locked
database is locked
database is locked
database is locked
database is locked
database is locked
database is locked
database is locked
database is locked
database is locked
database is locked
database is locked
database is locked
database is locked
database is locked
database is locked
database is locked
database is locked
database is locked
database is locked
database is locked
database is locked
database is locked
database is locked
database is locked
database is locked
database is locked
database is locked
database is locked
database is locked
database is locked
database is locked
database is locked
database is locked
database is locked
database is locked
database is locked
database is locked
database is locked
database is locked
database is locked
database is locked
database is locked
database is locked
database is locked
database is locked
database is locked
database is locked
database is locked
database is locked
database is locked
database is locked
database is locked
database is locked
database is locked
database is locked
database is locked
database is locked
database is locked
database is locked
database is locked
database is locked
database is locked
database is locked
database is locked
database is locked
database is locked
database is locked
database is locked
database is locked
database is locked
database is locked
database is locked
database is locked
database is locked
database is locked
database is locked
database is locked
database is locked
database is locked
database is locked
database is locked
database is locked
database is locked
database is locked
database is locked
database is locked
database is locked
database is locked
database is locked
database is locked
database is locked
database is locked
database is locked
database is locked
database is locked
database is locked
database is locked
database is locked
database is locked
database is locked
database is locked
database is locked
database is locked
database is locked
database is locked
database is locked
database is locked
database is locked
database is locked
database is locked
database is locked
database is locked
database is locked
database is locked
database is locked
database is locked
database is locked
database is locked
database is locked
database is locked
database is locked
database is locked
database is locked
database is locked
database is locked
database is locked
database is locked
database is locked
database is locked
database is locked
database is locked
database is locked
database is locked
database is locked
database is locked
database is locked
database is locked
database is locked
database is locked
database is locked
database is locked
database is locked
database is locked
database is locked
database is locked
database is locked
database is locked
database is locked
database is locked
database is locked
database is locked
database is locked
database is locked
database is locked
database is locked
database is locked
database is locked
database is locked
database is locked
database is locked
database is locked
Refreshing native plugins compatible for Editor in 10.55 ms, found 3 plugins.
Preloading 0 native plugins for Editor in 0.00 ms.
Unloading 3297 Unused Serialized files (Serialized files now loaded: 0)
Unloading 24 unused Assets / (102.4 KB). Loaded Objects now: 3952.
Memory consumption went from 162.6 MB to 162.5 MB.
Total: 3.017500 ms (FindLiveObjects: 0.328400 ms CreateObjectMapping: 0.148500 ms MarkObjects: 2.443300 ms  DeleteObjects: 0.095800 ms)

Prepare: number of updated asset objects reloaded= 0
AssetImportParameters requested are different than current active one (requested -> active):
  custom:container-demuxer-ogg: 62fdf1f143b41e24485cea50d1cbac27 -> 
  custom:video-codec-MediaFoundation-h265: 746d11721c4dcdbdad8f713fa42b33f4 -> 
  custom:video-decoder-ogg-theora: a1e56fd34408186e4bbccfd4996cb3dc -> 
  custom:framework-win-MediaFoundation: 216162199b28c13a410421893ffa2e32 -> 
  custom:CustomObjectIndexerAttribute: 6d391050e5a25f67b0a2c618074f2cd9 -> 
  custom:container-demuxer-webm: 4f35f7cbe854078d1ac9338744f61a02 -> 
  custom:container-muxer-webm: aa71ff27fc2769a1b78a27578f13a17b -> 
  custom:video-decoder-webm-vp8: 9c59270c3fd7afecdb556c50c9e8de78 -> 
  custom:SearchIndexIgnoredProperties: e643bd26f0fe6173181afceb89e7c659 -> 
  custom:AudioImporter_EditorPlatform: d09bf68614088b80899f8185d706f6e7 -> 
  custom:video-encoder-webm-vp8: eb34c28f22e8b96e1ab97ce403110664 -> 
  custom:audio-decoder-ogg-vorbis: bf7c407c2cedff20999df2af8eb42d56 -> 
  custom:audio-encoder-webm-vorbis: bf7c407c2cedff20999df2af8eb42d56 -> 
========================================================================
Received Prepare
Begin MonoManager ReloadAssembly
- Loaded All Assemblies, in  0.628 seconds
Refreshing native plugins compatible for Editor in 11.35 ms, found 3 plugins.
Native extension for WindowsStandalone target not found
Native extension for Android target not found
[Package Manager] Server::EnsureServerProcessIsRunning -- launch failed, reason: Unity was launched with the -noUpm command-line argument
[Package Manager] UpmClient::Send -- Unable to send message (not connected to UPM process).
[Package Manager] Cannot connect to Unity Package Manager local server
Mono: successfully reloaded assembly
- Finished resetting the current domain, in  1.533 seconds
Domain Reload Profiling: 2143ms
	BeginReloadAssembly (223ms)
		ExecutionOrderSort (0ms)
		DisableScriptedObjects (5ms)
		BackupInstance (0ms)
		ReleaseScriptingObjects (0ms)
		CreateAndSetChildDomain (35ms)
	RebuildCommonClasses (39ms)
	RebuildNativeTypeToScriptingClass (12ms)
	initialDomainReloadingComplete (52ms)
	LoadAllAssembliesAndSetupDomain (284ms)
		LoadAssemblies (401ms)
		RebuildTransferFunctionScriptingTraits (0ms)
		AnalyzeDomain (20ms)
			TypeCache.Refresh (8ms)
				TypeCache.ScanAssembly (0ms)
			ScanForSourceGeneratedMonoScriptInfo (6ms)
			ResolveRequiredComponents (5ms)
	FinalizeReload (1533ms)
		ReleaseScriptCaches (0ms)
		RebuildScriptCaches (0ms)
		SetupLoadedEditorAssemblies (431ms)
			LogAssemblyErrors (0ms)
			InitializePlatformSupportModulesInManaged (35ms)
			SetLoadedEditorAssemblies (4ms)
			RefreshPlugins (0ms)
			BeforeProcessingInitializeOnLoad (68ms)
			ProcessInitializeOnLoadAttributes (278ms)
			ProcessInitializeOnLoadMethodAttributes (20ms)
			AfterProcessingInitializeOnLoad (26ms)
			EditorAssembliesLoaded (0ms)
		ExecutionOrderSort2 (0ms)
		AwakeInstancesAfterBackupRestoration (10ms)
database is locked
database is locked
database is locked
database is locked
database is locked
database is locked
database is locked
database is locked
database is locked
database is locked
database is locked
database is locked
database is locked
database is locked
database is locked
database is locked
database is locked
database is locked
database is locked
database is locked
database is locked
database is locked
database is locked
database is locked
database is locked
database is locked
database is locked
database is locked
database is locked
database is locked
database is locked
database is locked
database is locked
database is locked
database is locked
database is locked
database is locked
database is locked
database is locked
database is locked
database is locked
database is locked
database is locked
database is locked
database is locked
database is locked
database is locked
database is locked
database is locked
database is locked
database is locked
database is locked
database is locked
database is locked
database is locked
database is locked
database is locked
database is locked
database is locked
database is locked
database is locked
database is locked
database is locked
database is locked
database is locked
database is locked
database is locked
database is locked
database is locked
database is locked
database is locked
database is locked
database is locked
database is locked
database is locked
database is locked
database is locked
database is locked
database is locked
database is locked
database is locked
database is locked
database is locked
database is locked
database is locked
database is locked
database is locked
database is locked
database is locked
database is locked
database is locked
database is locked
database is locked
database is locked
database is locked
database is locked
database is locked
database is locked
database is locked
database is locked
database is locked
database is locked
database is locked
database is locked
database is locked
database is locked
database is locked
database is locked
database is locked
database is locked
database is locked
database is locked
database is locked
database is locked
database is locked
database is locked
database is locked
database is locked
database is locked
database is locked
database is locked
database is locked
database is locked
database is locked
database is locked
database is locked
database is locked
database is locked
database is locked
database is locked
database is locked
database is locked
database is locked
database is locked
database is locked
database is locked
database is locked
database is locked
database is locked
database is locked
database is locked
database is locked
database is locked
database is locked
database is locked
database is locked
database is locked
database is locked
database is locked
database is locked
database is locked
database is locked
database is locked
database is locked
database is locked
database is locked
database is locked
database is locked
database is locked
database is locked
database is locked
database is locked
database is locked
database is locked
database is locked
database is locked
database is locked
database is locked
database is locked
database is locked
database is locked
database is locked
database is locked
database is locked
database is locked
database is locked
database is locked
database is locked
database is locked
database is locked
database is locked
database is locked
database is locked
database is locked
database is locked
database is locked
database is locked
database is locked
database is locked
database is locked
database is locked
database is locked
database is locked
database is locked
database is locked
database is locked
database is locked
database is locked
database is locked
database is locked
database is locked
database is locked
database is locked
database is locked
database is locked
database is locked
database is locked
database is locked
database is locked
database is locked
database is locked
database is locked
database is locked
database is locked
database is locked
database is locked
database is locked
database is locked
database is locked
database is locked
database is locked
database is locked
database is locked
database is locked
database is locked
database is locked
database is locked
database is locked
database is locked
database is locked
database is locked
database is locked
database is locked
database is locked
database is locked
database is locked
database is locked
database is locked
database is locked
database is locked
database is locked
database is locked
database is locked
database is locked
database is locked
database is locked
database is locked
database is locked
database is locked
database is locked
database is locked
database is locked
database is locked
database is locked
database is locked
database is locked
database is locked
database is locked
database is locked
database is locked
database is locked
database is locked
database is locked
database is locked
database is locked
database is locked
database is locked
database is locked
database is locked
database is locked
database is locked
database is locked
database is locked
database is locked
database is locked
database is locked
database is locked
database is locked
database is locked
database is locked
database is locked
database is locked
database is locked
database is locked
database is locked
database is locked
database is locked
database is locked
database is locked
database is locked
database is locked
database is locked
database is locked
database is locked
database is locked
database is locked
database is locked
database is locked
database is locked
database is locked
database is locked
database is locked
database is locked
database is locked
database is locked
database is locked
database is locked
database is locked
database is locked
database is locked
database is locked
database is locked
database is locked
database is locked
database is locked
database is locked
database is locked
database is locked
database is locked
database is locked
database is locked
database is locked
database is locked
database is locked
database is locked
database is locked
database is locked
database is locked
database is locked
database is locked
database is locked
database is locked
database is locked
database is locked
database is locked
database is locked
database is locked
database is locked
database is locked
database is locked
database is locked
database is locked
database is locked
database is locked
database is locked
database is locked
database is locked
database is locked
database is locked
database is locked
database is locked
database is locked
database is locked
database is locked
database is locked
database is locked
database is locked
database is locked
database is locked
database is locked
database is locked
database is locked
database is locked
database is locked
database is locked
database is locked
database is locked
database is locked
database is locked
database is locked
database is locked
database is locked
database is locked
database is locked
database is locked
database is locked
database is locked
database is locked
database is locked
database is locked
database is locked
database is locked
database is locked
database is locked
database is locked
database is locked
database is locked
database is locked
database is locked
database is locked
database is locked
Refreshing native plugins compatible for Editor in 9.48 ms, found 3 plugins.
Preloading 0 native plugins for Editor in 0.00 ms.
Unloading 3297 Unused Serialized files (Serialized files now loaded: 0)
Unloading 24 unused Assets / (102.4 KB). Loaded Objects now: 3967.
Memory consumption went from 164.7 MB to 164.6 MB.
Total: 2.810100 ms (FindLiveObjects: 0.288300 ms CreateObjectMapping: 0.090600 ms MarkObjects: 2.335400 ms  DeleteObjects: 0.094600 ms)

Prepare: number of updated asset objects reloaded= 0
AssetImportParameters requested are different than current active one (requested -> active):
  custom:container-demuxer-ogg: 62fdf1f143b41e24485cea50d1cbac27 -> 
  custom:video-codec-MediaFoundation-h265: 746d11721c4dcdbdad8f713fa42b33f4 -> 
  custom:video-decoder-ogg-theora: a1e56fd34408186e4bbccfd4996cb3dc -> 
  custom:framework-win-MediaFoundation: 216162199b28c13a410421893ffa2e32 -> 
  custom:CustomObjectIndexerAttribute: 6d391050e5a25f67b0a2c618074f2cd9 -> 
  custom:container-demuxer-webm: 4f35f7cbe854078d1ac9338744f61a02 -> 
  custom:container-muxer-webm: aa71ff27fc2769a1b78a27578f13a17b -> 
  custom:video-decoder-webm-vp8: 9c59270c3fd7afecdb556c50c9e8de78 -> 
  custom:SearchIndexIgnoredProperties: e643bd26f0fe6173181afceb89e7c659 -> 
  custom:AudioImporter_EditorPlatform: d09bf68614088b80899f8185d706f6e7 -> 
  custom:video-encoder-webm-vp8: eb34c28f22e8b96e1ab97ce403110664 -> 
  custom:audio-decoder-ogg-vorbis: bf7c407c2cedff20999df2af8eb42d56 -> 
  custom:audio-encoder-webm-vorbis: bf7c407c2cedff20999df2af8eb42d56 -> 
========================================================================
Received Import Request.
  Time since last request: 427701.543735 seconds.
  path: Assets/Rapier_Anim_Set/Animation/Humanoid/combo_02_3.fbx
  artifactKey: Guid(0f2ca35b16344a368d129298bb9950f0) Importer(815301076,1909f56bfc062723c751e8b465ee728b)
Start importing Assets/Rapier_Anim_Set/Animation/Humanoid/combo_02_3.fbx using Guid(0f2ca35b16344a368d129298bb9950f0) Importer(815301076,1909f56bfc062723c751e8b465ee728b)  -> (artifact id: '645a8f5b164dedad2171bb397ceb2e53') in 0.223828 seconds
Number of updated asset objects reloaded before import = 0
Number of asset objects unloaded after import = 139
========================================================================
Received Import Request.
  Time since last request: 0.000041 seconds.
  path: Assets/Rapier_Anim_Set/Animation/Generic/walk_frontL45.fbx
  artifactKey: Guid(62c2b1d96b6147928a4d3d047b44ae7e) Importer(815301076,1909f56bfc062723c751e8b465ee728b)
Start importing Assets/Rapier_Anim_Set/Animation/Generic/walk_frontL45.fbx using Guid(62c2b1d96b6147928a4d3d047b44ae7e) Importer(815301076,1909f56bfc062723c751e8b465ee728b)  -> (artifact id: 'f4c8a9c535a49eabcc3ef6dbdbee12c2') in 0.056285 seconds
Number of updated asset objects reloaded before import = 0
Number of asset objects unloaded after import = 139
========================================================================
Received Import Request.
  Time since last request: 0.000048 seconds.
  path: Assets/Rapier_Anim_Set/Animation/Humanoid/buff_03.fbx
  artifactKey: Guid(6aea795dc217443b91ff51675cb87e37) Importer(815301076,1909f56bfc062723c751e8b465ee728b)
Start importing Assets/Rapier_Anim_Set/Animation/Humanoid/buff_03.fbx using Guid(6aea795dc217443b91ff51675cb87e37) Importer(815301076,1909f56bfc062723c751e8b465ee728b)  -> (artifact id: 'bb8c6b902ab1b9a261c83b41cd7f3418') in 0.047279 seconds
Number of updated asset objects reloaded before import = 0
Number of asset objects unloaded after import = 139
========================================================================
Received Import Request.
  Time since last request: 0.000023 seconds.
  path: Assets/Rapier_Anim_Set/Animation/Generic/walk_frontR45.fbx
  artifactKey: Guid(955e711a9ee1496da395de2dd25c3464) Importer(815301076,1909f56bfc062723c751e8b465ee728b)
Start importing Assets/Rapier_Anim_Set/Animation/Generic/walk_frontR45.fbx using Guid(955e711a9ee1496da395de2dd25c3464) Importer(815301076,1909f56bfc062723c751e8b465ee728b)  -> (artifact id: '9855a526c4512f1855be08cd086b2336') in 0.047591 seconds
Number of updated asset objects reloaded before import = 0
Number of asset objects unloaded after import = 139
========================================================================
Received Import Request.
  Time since last request: 0.000051 seconds.
  path: Assets/Rapier_Anim_Set/Animation/Humanoid/combo_04_5.fbx
  artifactKey: Guid(a35ce3f7b0b444f6afc71c8beac25913) Importer(815301076,1909f56bfc062723c751e8b465ee728b)
Start importing Assets/Rapier_Anim_Set/Animation/Humanoid/combo_04_5.fbx using Guid(a35ce3f7b0b444f6afc71c8beac25913) Importer(815301076,1909f56bfc062723c751e8b465ee728b)  -> (artifact id: '54ce9e35d909b089be019fa580b9d72f') in 0.050894 seconds
Number of updated asset objects reloaded before import = 0
Number of asset objects unloaded after import = 139
========================================================================
Received Import Request.
  Time since last request: 0.000024 seconds.
  path: Assets/Rapier_Anim_Set/Animation/Humanoid/combo_04_3.fbx
  artifactKey: Guid(39cecfb5d53341a8beb0f14e79ffa9e7) Importer(815301076,1909f56bfc062723c751e8b465ee728b)
Start importing Assets/Rapier_Anim_Set/Animation/Humanoid/combo_04_3.fbx using Guid(39cecfb5d53341a8beb0f14e79ffa9e7) Importer(815301076,1909f56bfc062723c751e8b465ee728b)  -> (artifact id: 'c8b7b470bfcd786a9391832f29bc705e') in 0.046500 seconds
Number of updated asset objects reloaded before import = 0
Number of asset objects unloaded after import = 139
========================================================================
Received Import Request.
  Time since last request: 2.756903 seconds.
  path: Assets/Rapier_Anim_Set/Animation/Humanoid/hit_bound_down.fbx
  artifactKey: Guid(23c6866c7378444cb15681e30dba19c6) Importer(815301076,1909f56bfc062723c751e8b465ee728b)
Start importing Assets/Rapier_Anim_Set/Animation/Humanoid/hit_bound_down.fbx using Guid(23c6866c7378444cb15681e30dba19c6) Importer(815301076,1909f56bfc062723c751e8b465ee728b)  -> (artifact id: '586d037fc18ee23c55b938e582cbb588') in 0.048012 seconds
Number of updated asset objects reloaded before import = 0
Number of asset objects unloaded after import = 139
========================================================================
Received Import Request.
  Time since last request: 0.000067 seconds.
  path: Assets/Rapier_Anim_Set/Animation/Humanoid/hit_knockdown_02.fbx
  artifactKey: Guid(682829af0abd4cdebd204bba9e3eb1b9) Importer(815301076,1909f56bfc062723c751e8b465ee728b)
Start importing Assets/Rapier_Anim_Set/Animation/Humanoid/hit_knockdown_02.fbx using Guid(682829af0abd4cdebd204bba9e3eb1b9) Importer(815301076,1909f56bfc062723c751e8b465ee728b)  -> (artifact id: '568165ccb8344fc09c5fa4bb5b0f7641') in 0.045992 seconds
Number of updated asset objects reloaded before import = 0
Number of asset objects unloaded after import = 139
========================================================================
Received Import Request.
  Time since last request: 0.000023 seconds.
  path: Assets/Rapier_Anim_Set/Animation/Humanoid/defense_01.fbx
  artifactKey: Guid(519ba36491b9434fa77238b9616c8a25) Importer(815301076,1909f56bfc062723c751e8b465ee728b)
Start importing Assets/Rapier_Anim_Set/Animation/Humanoid/defense_01.fbx using Guid(519ba36491b9434fa77238b9616c8a25) Importer(815301076,1909f56bfc062723c751e8b465ee728b)  -> (artifact id: 'c85840ce4d8d4261ee77d73b1890ab71') in 0.043536 seconds
Number of updated asset objects reloaded before import = 0
Number of asset objects unloaded after import = 139
========================================================================
Received Import Request.
  Time since last request: 0.000022 seconds.
  path: Assets/Rapier_Anim_Set/Animation/Humanoid/combo_06_2.fbx
  artifactKey: Guid(c1ecafce67ea4e318ead8f4370bc0d18) Importer(815301076,1909f56bfc062723c751e8b465ee728b)
Start importing Assets/Rapier_Anim_Set/Animation/Humanoid/combo_06_2.fbx using Guid(c1ecafce67ea4e318ead8f4370bc0d18) Importer(815301076,1909f56bfc062723c751e8b465ee728b)  -> (artifact id: '2cdccf8a36d39c03057e419509ce177c') in 0.040945 seconds
Number of updated asset objects reloaded before import = 0
Number of asset objects unloaded after import = 139
========================================================================
Received Import Request.
  Time since last request: 0.000034 seconds.
  path: Assets/Rapier_Anim_Set/Animation/Humanoid/hit_knockdown_01.fbx
  artifactKey: Guid(3e1bb60b0dc947f283ed3b08bd97f90f) Importer(815301076,1909f56bfc062723c751e8b465ee728b)
Start importing Assets/Rapier_Anim_Set/Animation/Humanoid/hit_knockdown_01.fbx using Guid(3e1bb60b0dc947f283ed3b08bd97f90f) Importer(815301076,1909f56bfc062723c751e8b465ee728b)  -> (artifact id: 'f9f7bba3bab3d2709130cfd26cf91729') in 0.044110 seconds
Number of updated asset objects reloaded before import = 0
Number of asset objects unloaded after import = 139
========================================================================
Received Import Request.
  Time since last request: 0.000051 seconds.
  path: Assets/Rapier_Anim_Set/Animation/Humanoid/combo_05_1.fbx
  artifactKey: Guid(57562d08fc2a4ca0a0698a6c4654430e) Importer(815301076,1909f56bfc062723c751e8b465ee728b)
Start importing Assets/Rapier_Anim_Set/Animation/Humanoid/combo_05_1.fbx using Guid(57562d08fc2a4ca0a0698a6c4654430e) Importer(815301076,1909f56bfc062723c751e8b465ee728b)  -> (artifact id: 'f87315ad8b0d59068ec83923826904f9') in 0.045604 seconds
Number of updated asset objects reloaded before import = 0
Number of asset objects unloaded after import = 139
========================================================================
Received Import Request.
  Time since last request: 0.000027 seconds.
  path: Assets/Rapier_Anim_Set/Animation/Humanoid/combo_06_3.fbx
  artifactKey: Guid(5f93ffb9394c456a8203c620c7373635) Importer(815301076,1909f56bfc062723c751e8b465ee728b)
Start importing Assets/Rapier_Anim_Set/Animation/Humanoid/combo_06_3.fbx using Guid(5f93ffb9394c456a8203c620c7373635) Importer(815301076,1909f56bfc062723c751e8b465ee728b)  -> (artifact id: '7d3e673d9eeffb205f6414efbab84125') in 0.043541 seconds
Number of updated asset objects reloaded before import = 0
Number of asset objects unloaded after import = 139
========================================================================
Received Import Request.
  Time since last request: 0.074208 seconds.
  path: Assets/Rapier_Anim_Set/Animation/Humanoid/combo_06_6.fbx
  artifactKey: Guid(12659e11d6314f018075441838cfa9ff) Importer(815301076,1909f56bfc062723c751e8b465ee728b)
Start importing Assets/Rapier_Anim_Set/Animation/Humanoid/combo_06_6.fbx using Guid(12659e11d6314f018075441838cfa9ff) Importer(815301076,1909f56bfc062723c751e8b465ee728b)  -> (artifact id: '4a6f1a47ee1f73da5403d3cfc46564d3') in 0.045162 seconds
Number of updated asset objects reloaded before import = 0
Number of asset objects unloaded after import = 139
========================================================================
Received Import Request.
  Time since last request: 0.000028 seconds.
  path: Assets/Rapier_Anim_Set/Animation/Humanoid/dead_05.fbx
  artifactKey: Guid(829f4531fbe1436195b9e6b919745067) Importer(815301076,1909f56bfc062723c751e8b465ee728b)
Start importing Assets/Rapier_Anim_Set/Animation/Humanoid/dead_05.fbx using Guid(829f4531fbe1436195b9e6b919745067) Importer(815301076,1909f56bfc062723c751e8b465ee728b)  -> (artifact id: '7d292ff4c261fb5d4627b7390e3f59ab') in 0.048593 seconds
Number of updated asset objects reloaded before import = 0
Number of asset objects unloaded after import = 139
========================================================================
Received Import Request.
  Time since last request: 0.000057 seconds.
  path: Assets/Rapier_Anim_Set/Animation/Generic/walk_backR45.fbx
  artifactKey: Guid(2d986e739a27455a8992987a363cbb3b) Importer(815301076,1909f56bfc062723c751e8b465ee728b)
Start importing Assets/Rapier_Anim_Set/Animation/Generic/walk_backR45.fbx using Guid(2d986e739a27455a8992987a363cbb3b) Importer(815301076,1909f56bfc062723c751e8b465ee728b)  -> (artifact id: 'ed01a7dc4d9c66ff376608003f461f5e') in 0.048632 seconds
Number of updated asset objects reloaded before import = 0
Number of asset objects unloaded after import = 139
========================================================================
Received Import Request.
  Time since last request: 0.000025 seconds.
  path: Assets/Rapier_Anim_Set/Animation/Generic/Inplace/jump_02_inplace.fbx
  artifactKey: Guid(ddd6e0673bec46e1bc035911f604052b) Importer(815301076,1909f56bfc062723c751e8b465ee728b)
Start importing Assets/Rapier_Anim_Set/Animation/Generic/Inplace/jump_02_inplace.fbx using Guid(ddd6e0673bec46e1bc035911f604052b) Importer(815301076,1909f56bfc062723c751e8b465ee728b)  -> (artifact id: 'b838cf483e99ae6c20231410bee0b183') in 0.049175 seconds
Number of updated asset objects reloaded before import = 0
Number of asset objects unloaded after import = 139
========================================================================
Received Import Request.
  Time since last request: 0.000027 seconds.
  path: Assets/Rapier_Anim_Set/Animation/Generic/Inplace/rise_02_inplace.fbx
  artifactKey: Guid(e64779a994714d6596153e819039b912) Importer(815301076,1909f56bfc062723c751e8b465ee728b)
Start importing Assets/Rapier_Anim_Set/Animation/Generic/Inplace/rise_02_inplace.fbx using Guid(e64779a994714d6596153e819039b912) Importer(815301076,1909f56bfc062723c751e8b465ee728b)  -> (artifact id: '770140cd4739ad71351bcb8e3f684e66') in 0.045666 seconds
Number of updated asset objects reloaded before import = 0
Number of asset objects unloaded after import = 139
========================================================================
Received Import Request.
  Time since last request: 0.000031 seconds.
  path: Assets/Rapier_Anim_Set/Animation/Generic/walk_backL45.fbx
  artifactKey: Guid(5d2f6f51bec94a779b199d98776003d8) Importer(815301076,1909f56bfc062723c751e8b465ee728b)
Start importing Assets/Rapier_Anim_Set/Animation/Generic/walk_backL45.fbx using Guid(5d2f6f51bec94a779b199d98776003d8) Importer(815301076,1909f56bfc062723c751e8b465ee728b)  -> (artifact id: '24f9bf017b9cff6584e3356138518d41') in 0.052674 seconds
Number of updated asset objects reloaded before import = 0
Number of asset objects unloaded after import = 139
========================================================================
Received Import Request.
  Time since last request: 0.000034 seconds.
  path: Assets/Rapier_Anim_Set/Animation/Generic/Inplace/rise_03_inplace.fbx
  artifactKey: Guid(5deddd0824bb41e08df63bc89aff751d) Importer(815301076,1909f56bfc062723c751e8b465ee728b)
Start importing Assets/Rapier_Anim_Set/Animation/Generic/Inplace/rise_03_inplace.fbx using Guid(5deddd0824bb41e08df63bc89aff751d) Importer(815301076,1909f56bfc062723c751e8b465ee728b)  -> (artifact id: 'a7b68836eb3ec822a9ba55be30c2885d') in 0.045414 seconds
Number of updated asset objects reloaded before import = 0
Number of asset objects unloaded after import = 139
========================================================================
Received Import Request.
  Time since last request: 0.454355 seconds.
  path: Assets/Rapier_Anim_Set/Animation/Generic/Inplace/run_backR45_inplace.fbx
  artifactKey: Guid(874687dc806844edb49b6047380e5648) Importer(815301076,1909f56bfc062723c751e8b465ee728b)
Start importing Assets/Rapier_Anim_Set/Animation/Generic/Inplace/run_backR45_inplace.fbx using Guid(874687dc806844edb49b6047380e5648) Importer(815301076,1909f56bfc062723c751e8b465ee728b)  -> (artifact id: '0ccc021bece3bd2d0fc0c72d97c8afe2') in 0.054738 seconds
Number of updated asset objects reloaded before import = 0
Number of asset objects unloaded after import = 139
========================================================================
Received Import Request.
  Time since last request: 0.000024 seconds.
  path: Assets/Rapier_Anim_Set/Animation/Generic/Inplace/run_left_inplace.fbx
  artifactKey: Guid(1584e0ec4916443daf02f3cbbd9bf17a) Importer(815301076,1909f56bfc062723c751e8b465ee728b)
Start importing Assets/Rapier_Anim_Set/Animation/Generic/Inplace/run_left_inplace.fbx using Guid(1584e0ec4916443daf02f3cbbd9bf17a) Importer(815301076,1909f56bfc062723c751e8b465ee728b)  -> (artifact id: '39a57dcc0432e0b76c1985ea6f30eeff') in 0.050064 seconds
Number of updated asset objects reloaded before import = 0
Number of asset objects unloaded after import = 139
========================================================================
Received Import Request.
  Time since last request: 0.000025 seconds.
  path: Assets/Rapier_Anim_Set/Animation/Generic/Inplace/run_forward_inplace.fbx
  artifactKey: Guid(3ce99c70fd954e299c56f6b2ad836ab5) Importer(815301076,1909f56bfc062723c751e8b465ee728b)
Start importing Assets/Rapier_Anim_Set/Animation/Generic/Inplace/run_forward_inplace.fbx using Guid(3ce99c70fd954e299c56f6b2ad836ab5) Importer(815301076,1909f56bfc062723c751e8b465ee728b)  -> (artifact id: '5520691665e382112dc372f4118223b6') in 0.046702 seconds
Number of updated asset objects reloaded before import = 0
Number of asset objects unloaded after import = 139
Editor requested this worker to shutdown with reason: Scaling down because of idle timeout
TcpMessagingSession - receive error: operation aborted. errorcode: 995, details:  I/O 
AssetImportWorker is now disconnected from the server
Process exiting
Exiting without the bug reporter. Application will terminate with return code 0